<?xml version="1.0" encoding="UTF-8"?>
<testng-results ignored="0" total="1" passed="1" failed="0" skipped="0">
  <reporter-output>
  </reporter-output>
  <suite started-at="2021-02-27T17:39:36 EET" name="saucedemo login" finished-at="2021-02-27T17:39:52 EET" duration-ms="15490">
    <groups>
    </groups>
    <test started-at="2021-02-27T17:39:36 EET" name="Login procedure test" finished-at="2021-02-27T17:39:52 EET" duration-ms="15490">
      <class name="saucedemoTests.sauceDemoTests">
        <test-method is-config="true" signature="setUp()[pri:0, instance:saucedemoTests.sauceDemoTests@26a529dc]" started-at="2021-02-27T17:39:36 EET" name="setUp" description="Setting up the Selenide" finished-at="2021-02-27T17:39:37 EET" duration-ms="146" status="PASS">
          <reporter-output>
          </reporter-output>
        </test-method> <!-- setUp -->
        <test-method signature="testLoginProcedure()[pri:0, instance:saucedemoTests.sauceDemoTests@26a529dc]" started-at="2021-02-27T17:39:37 EET" name="testLoginProcedure" finished-at="2021-02-27T17:39:51 EET" duration-ms="14447" status="PASS">
          <reporter-output>
          </reporter-output>
        </test-method> <!-- testLoginProcedure -->
        <test-method is-config="true" signature="tearDown()[pri:0, instance:saucedemoTests.sauceDemoTests@26a529dc]" started-at="2021-02-27T17:39:52 EET" name="tearDown" description="Shutting down the selenide and copping allure.properties to report folder" finished-at="2021-02-27T17:39:52 EET" duration-ms="18" status="PASS">
          <reporter-output>
          </reporter-output>
        </test-method> <!-- tearDown -->
      </class> <!-- saucedemoTests.sauceDemoTests -->
    </test> <!-- Login procedure test -->
  </suite> <!-- saucedemo login -->
</testng-results>
